<?xml version="1.0" encoding="UTF-8"?>
<testsuite xmlns:xsi="http://www.w3.org/2001/XMLSchema-instance" xsi:noNamespaceSchemaLocation="https://maven.apache.org/surefire/maven-surefire-plugin/xsd/surefire-test-report.xsd" name="com.allyouplay.runners.cukesRunner" time="93.223" tests="40" errors="0" skipped="0" failures="2">
  <properties>
[...]
</properties>
  <testcase name="user navigates to login page" classname="Verification of Login Functionality - Happy Path" time="4.878"/>
  <testcase name="user clicks login button" classname="Verification of Login Functionality - Happy Path" time="7.832"/>
  <testcase name="user should be able to display login page" classname="Verification of Login Functionality - Happy Path" time="3.703"/>
  <testcase name="user enters valid email" classname="Verification of Login Functionality - Happy Path" time="3.288"/>
  <testcase name="user enters valid password" classname="Verification of Login Functionality - Happy Path" time="0.2"/>
  <testcase name="user clicks sign-in button" classname="Verification of Login Functionality - Happy Path" time="1.905"/>
  <testcase name="user closes newsletter menu" classname="Verification of Login Functionality - Happy Path" time="9.775"/>
  <testcase name="system should be able to display MY ACCOUNT menu" classname="Verification of Login Functionality - Happy Path" time="0.064"/>
  <testcase name="system should be able to display &quot;Sign out&quot; menu" classname="Verification of Login Functionality - Happy Path" time="0.071"/>
  <testcase name="system should be able to display my cart item on the right side" classname="Verification of Login Functionality - Happy Path" time="0.558"/>
  <testcase name="user selects a product by clicking on it" classname="Verification of Login Functionality - Happy Path" time="1.997"/>
  <testcase name="user enters his birthday to age verification menu and clicks continue" classname="Verification of Login Functionality - Happy Path" time="3.093"/>
  <testcase name="user adds the product to cart by clicking Add your cart button" classname="Verification of Login Functionality - Happy Path" time="0.181"/>
  <testcase name="total amount of product in cart should be displayed as 1" classname="Verification of Login Functionality - Happy Path" time="4.506"/>
  <testcase name="Verification of Login Functionality - Happy Path" classname="Verification of Login Functionality - Happy Path" time="5.625"/>
  <testcase name="user on the login page" classname="Verification of Login Functionality - Negative with Invalid Credentials #1" time="2.455"/>
  <testcase name="user enters &quot;esadesad@gmail.com&quot; and &quot;56Qa.74_&quot;" classname="Verification of Login Functionality - Negative with Invalid Credentials #1" time="1.573"/>
  <testcase name="user clicks sign-in button" classname="Verification of Login Functionality - Negative with Invalid Credentials #1" time="1.151"/>
  <testcase name="&quot;Oh no! There is an error and you need to fix it before logging in.&quot; should be displayed for &quot;invalid username&quot;" classname="Verification of Login Functionality - Negative with Invalid Credentials #1" time="0.433"/>
  <testcase name="Verification of Login Functionality - Negative with Invalid Credentials #1" classname="Verification of Login Functionality - Negative with Invalid Credentials #1" time="1.163"/>
  <testcase name="user on the login page" classname="Verification of Login Functionality - Negative with Invalid Credentials #2" time="2.352"/>
  <testcase name="user enters &quot;esadersoy@gmail.com&quot; and &quot;12345Abc&quot;" classname="Verification of Login Functionality - Negative with Invalid Credentials #2" time="1.94"/>
  <testcase name="user clicks sign-in button" classname="Verification of Login Functionality - Negative with Invalid Credentials #2" time="0.969"/>
  <testcase name="&quot;Oh no! There is an error and you need to fix it before logging in.&quot; should be displayed for &quot;invalid password&quot;" classname="Verification of Login Functionality - Negative with Invalid Credentials #2" time="0.51"/>
  <testcase name="Verification of Login Functionality - Negative with Invalid Credentials #2" classname="Verification of Login Functionality - Negative with Invalid Credentials #2" time="1.243"/>
  <testcase name="user on the login page" classname="Verification of Login Functionality - Negative with Invalid Credentials #3" time="1.633"/>
  <testcase name="user enters &quot;&quot; and &quot;56Qa.74_&quot;" classname="Verification of Login Functionality - Negative with Invalid Credentials #3" time="2.319"/>
  <testcase name="user clicks sign-in button" classname="Verification of Login Functionality - Negative with Invalid Credentials #3" time="0.802"/>
  <testcase name="&quot;Oh no! There is an error and you need to fix it before logging in.&quot; should be displayed for &quot;empty username&quot;" classname="Verification of Login Functionality - Negative with Invalid Credentials #3" time="0.326"/>
  <testcase name="Verification of Login Functionality - Negative with Invalid Credentials #3" classname="Verification of Login Functionality - Negative with Invalid Credentials #3" time="1.14"/>
  <testcase name="user on the login page" classname="Verification of Login Functionality - Negative with Invalid Credentials #4" time="1.457"/>
  <testcase name="user enters &quot;esadersoy@gmail.com&quot; and &quot;&quot;" classname="Verification of Login Functionality - Negative with Invalid Credentials #4" time="2.709"/>
  <testcase name="user clicks sign-in button" classname="Verification of Login Functionality - Negative with Invalid Credentials #4" time="1.09"/>
  <testcase name="&quot;Oh no! There is an error and you need to fix it before logging in.&quot; should be displayed for &quot;empty password&quot;" classname="Verification of Login Functionality - Negative with Invalid Credentials #4" time="0.376"/>
  <testcase name="Verification of Login Functionality - Negative with Invalid Credentials #4" classname="Verification of Login Functionality - Negative with Invalid Credentials #4" time="1.142"/>
  <testcase name="user on the login page" classname="Verification of Login Functionality with Invalid Credentials - Screenshot Example" time="1.58"/>
  <testcase name="user enters &quot;esadesad@gmail.com&quot; and &quot;56Qa.74_&quot;" classname="Verification of Login Functionality with Invalid Credentials - Screenshot Example" time="2.083"/>
  <testcase name="user clicks sign-in button" classname="Verification of Login Functionality with Invalid Credentials - Screenshot Example" time="1.38"/>
  <testcase name="&quot;Error message&quot; should be displayed for &quot;invalid username&quot;" classname="Verification of Login Functionality with Invalid Credentials - Screenshot Example" time="0.471">
    <failure message="&#10;The following assertion failed:&#10;1) [Logging error message was not verified] expected:&lt;&quot;[Error message]&quot;&gt; but was:&lt;&quot;[Oh no! There is an error and you need to fix it before logging in.]&quot;&gt;&#10;" type="org.assertj.core.api.SoftAssertionError"><![CDATA[org.assertj.core.api.SoftAssertionError: 

The following assertion failed:
1) [Logging error message was not verified] expected:<"[Error message]"> but was:<"[Oh no! There is an error and you need to fix it before logging in.]">

]]></failure>
    <system-out><![CDATA[  &amp#27;[32mAnd &amp#27;[0m&amp#27;[32muser clicks sign-in button&amp#27;[0m                                                            &amp#27;[90m# com.allyouplay.stepDefinitions.LoginStepDefs.userClicksGirisButton()&amp#27;[0m
]]></system-out>
    <system-err><![CDATA[[main] INFO com.allyouplay.stepDefinitions.LoginStepDefs - >>> Logging error message was verified.
]]></system-err>
  </testcase>
  <testcase name="Verification of Login Functionality with Invalid Credentials - Screenshot Example" classname="Verification of Login Functionality with Invalid Credentials - Screenshot Example" time="1.588">
    <failure message="&#10;The following assertion failed:&#10;1) [Logging error message was not verified] expected:&lt;&quot;[Error message]&quot;&gt; but was:&lt;&quot;[Oh no! There is an error and you need to fix it before logging in.]&quot;&gt;&#10;" type="org.assertj.core.api.SoftAssertionError"><![CDATA[org.assertj.core.api.SoftAssertionError: 

The following assertion failed:
1) [Logging error message was not verified] expected:<"[Error message]"> but was:<"[Oh no! There is an error and you need to fix it before logging in.]">

]]></failure>
    <system-out><![CDATA[  &amp#27;[31mThen &amp#27;[0m&amp#27;[31m&amp#27;[0m&amp#27;[31m&amp#27;[1m"Error message"&amp#27;[0m&amp#27;[31m should be displayed for &amp#27;[0m&amp#27;[31m&amp#27;[1m"invalid username"&amp#27;[0m                           &amp#27;[90m# com.allyouplay.stepDefinitions.LoginStepDefs.shouldBeDisplayedForSituation(java.lang.String,java.lang.String)&amp#27;[0m
      &amp#27;[31morg.assertj.core.api.SoftAssertionError: 
The following assertion failed:
1) [Logging error message was not verified] expected:<"[Error message]"> but was:<"[Oh no! There is an error and you need to fix it before logging in.]">

	at org.assertj.core.error.AssertionErrorCreator.multipleSoftAssertionsError(AssertionErrorCreator.java:75)
	at org.assertj.core.api.AbstractSoftAssertions.assertAll(AbstractSoftAssertions.java:38)
	at org.assertj.core.api.AbstractSoftAssertions.assertAll(AbstractSoftAssertions.java:43)
	at com.allyouplay.stepDefinitions.LoginStepDefs.shouldBeDisplayedForSituation(LoginStepDefs.java:127)
	at âœ½."Error message" should be displayed for "invalid username"(file:///C:/Users/Acer/IdeaProjects/DecsTask/src/test/resources/features/login.feature:45)
&amp#27;[0m

    Embedding screenshot [image/png 51506 bytes]

]]></system-out>
  </testcase>
</testsuite>